\BOOKMARK [1][-]{section.1}{\376\377\000D\000i\000g\000i\000t\000a\000l\000\040\000H\000u\000m\000a\000n\000i\000t\000i\000e\000s}{}% 1
\BOOKMARK [2][-]{subsection.1.1}{\376\377\000D\000a\000t\000a\000\040\000f\000o\000r\000\040\000h\000u\000m\000a\000n\000i\000t\000i\000e\000s}{section.1}% 2
\BOOKMARK [2][-]{subsection.1.2}{\376\377\000D\000a\000t\000a\000\040\000f\000o\000r\000m\000a\000t\000s}{section.1}% 3
\BOOKMARK [1][-]{section.2}{\376\377\000U\000s\000e\000r\000\040\000A\000c\000c\000e\000p\000t\000a\000n\000c\000e\000\040\000T\000e\000s\000t\000i\000n\000g}{}% 4
\BOOKMARK [2][-]{subsection.2.1}{\376\377\000U\000s\000e\000r\000\040\000A\000c\000c\000e\000p\000t\000a\000n\000c\000e\000\040\000T\000e\000s\000t\000\040\000f\000o\000r\000\040\000R\000\040\000p\000a\000c\000k\000a\000g\000e\000\040\000r\000e\000l\000e\000a\000s\000e}{section.2}% 5
\BOOKMARK [1][-]{section.3}{\376\377\000T\000h\000e\000\040\000S\000D\000A\000M\000\040\000p\000r\000o\000j\000e\000c\000t}{}% 6
\BOOKMARK [2][-]{subsection.3.1}{\376\377\000O\000b\000j\000e\000c\000t\000i\000v\000e\000s}{section.3}% 7
\BOOKMARK [1][-]{section.4}{\376\377\000R\000\040\000p\000a\000c\000k\000a\000g\000e\000\040\000s\000d\000a\000m}{}% 8
\BOOKMARK [2][-]{subsection.4.1}{\376\377\000P\000a\000c\000k\000a\000g\000e\000\040\000D\000e\000s\000c\000r\000i\000p\000t\000i\000o\000n}{section.4}% 9
\BOOKMARK [2][-]{subsection.4.2}{\376\377\000P\000a\000c\000k\000a\000g\000e\000\040\000i\000n\000s\000t\000a\000l\000l\000a\000t\000i\000o\000n}{section.4}% 10
\BOOKMARK [2][-]{subsection.4.3}{\376\377\000A\000s\000s\000e\000m\000b\000l\000y}{section.4}% 11
\BOOKMARK [2][-]{subsection.4.4}{\376\377\000M\000a\000k\000i\000n\000g\000\040\000D\000o\000c\000u\000m\000e\000n\000t\000a\000t\000i\000o\000n}{section.4}% 12
\BOOKMARK [2][-]{subsection.4.5}{\376\377\000N\000e\000w\000s\000\040\000f\000r\000o\000m\000\040\000s\000d\000a\000m\000\040\000p\000a\000c\000k\000a\000g\000e}{section.4}% 13
\BOOKMARK [1][-]{section.5}{\376\377\000D\000E\000i\000C\040\031\000s\000\040\000s\000c\000i\000e\000n\000c\000e\000d\000a\000t\000a\000.\000d\000k}{}% 14
\BOOKMARK [2][-]{subsection.5.1}{\376\377\000A\000c\000c\000e\000s\000s\000i\000n\000g\000\040\000D\000E\000i\000C\040\031\000s\000\040\000s\000c\000i\000e\000n\000c\000e\000d\000a\000t\000a\000.\000d\000k\000\040\000u\000s\000i\000n\000g\000\040\000R}{section.5}% 15
\BOOKMARK [2][-]{subsection.5.2}{\376\377\000A\000u\000t\000h\000e\000n\000t\000i\000f\000i\000c\000a\000t\000i\000o\000n}{section.5}% 16
\BOOKMARK [2][-]{subsection.5.3}{\376\377\000R\000e\000s\000p\000o\000n\000s\000e\000s}{section.5}% 17
\BOOKMARK [2][-]{subsection.5.4}{\376\377\000E\000x\000a\000m\000p\000l\000e\000s}{section.5}% 18
\BOOKMARK [1][-]{section.6}{\376\377\000E\000p\000i\000g\000r\000a\000p\000h\000i\000c\000\040\000D\000a\000t\000a\000b\000a\000s\000e\000\040\000H\000e\000i\000d\000e\000l\000b\000e\000r\000g}{}% 19
\BOOKMARK [2][-]{subsection.6.1}{\376\377\000O\000p\000e\000n\000\040\000D\000a\000t\000a\000\040\000R\000e\000p\000o\000s\000i\000t\000o\000r\000y}{section.6}% 20
\BOOKMARK [2][-]{subsection.6.2}{\376\377\000R\000e\000s\000p\000o\000n\000s\000e}{section.6}% 21
\BOOKMARK [2][-]{subsection.6.3}{\376\377\000A\000c\000c\000e\000s\000s\000i\000n\000g\000\040\000t\000h\000e\000\040\000E\000D\000H\000\040\000d\000a\000t\000a\000b\000a\000s\000e\000\040\000u\000s\000i\000n\000g\000\040\000R}{section.6}% 22
\BOOKMARK [2][-]{subsection.6.4}{\376\377\000E\000x\000a\000m\000p\000l\000e\000s}{section.6}% 23
\BOOKMARK [2][-]{subsection.6.5}{\376\377\000A\000c\000c\000e\000s\000s\000i\000n\000g\000\040\000E\000p\000i\000g\000r\000a\000p\000h\000i\000c\000\040\000D\000a\000t\000a\000b\000a\000s\000e\000\040\000H\000e\000i\000d\000e\000l\000b\000e\000r\000g\000:\000\040\000I\000n\000s\000c\000r\000i\000p\000t\000i\000o\000n\000s}{section.6}% 24
\BOOKMARK [1][-]{section.7}{\376\377\000E\000x\000t\000r\000a\000c\000t\000i\000n\000g\000\040\000E\000D\000H\000\040\000V\000a\000r\000i\000a\000b\000l\000e\000s}{}% 25
\BOOKMARK [2][-]{subsection.7.1}{\376\377\000E\000D\000H\000\040\000v\000a\000r\000i\000a\000b\000l\000e\000s}{section.7}% 26
\BOOKMARK [2][-]{subsection.7.2}{\376\377\000A\000t\000t\000r\000i\000b\000u\000t\000e\000s\000\040\000i\000n\000\040\000E\000D\000H\000\040\000d\000a\000t\000a\000s\000e\000t}{section.7}% 27
\BOOKMARK [2][-]{subsection.7.3}{\376\377\000R\000e\000l\000a\000t\000i\000v\000e\000\040\000d\000a\000t\000i\000n\000g\000\040\000i\000n\000\040\000E\000D\000H}{section.7}% 28
\BOOKMARK [1][-]{section.8}{\376\377\000T\000i\000m\000e\000\040\000a\000n\000d\000\040\000d\000a\000t\000i\000n\000g}{}% 29
\BOOKMARK [2][-]{subsection.8.1}{\376\377\000C\000h\000r\000o\000n\000o\000l\000o\000g\000i\000c\000a\000l\000\040\000p\000e\000r\000i\000o\000d\000s\000\040\000o\000f\000\040\000t\000h\000e\000\040\000M\000e\000d\000i\000t\000e\000r\000r\000a\000n\000e\000a\000n\000\040\000S\000e\000a}{section.8}% 30
\BOOKMARK [2][-]{subsection.8.2}{\376\377\000R\000e\000l\000a\000t\000i\000v\000e\000\040\000d\000a\000t\000i\000n\000g\000\040\000o\000f\000\040\000R\000o\000m\000a\000n\000\040\000i\000n\000s\000c\000r\000i\000p\000t\000i\000o\000n\000s}{section.8}% 31
\BOOKMARK [2][-]{subsection.8.3}{\376\377\000P\000l\000o\000t\000t\000i\000n\000g\000\040\000t\000i\000m\000e\000\040\000i\000n\000t\000e\000r\000v\000a\000l\000s}{section.8}% 32
\BOOKMARK [1][-]{section.9}{\376\377\000T\000e\000m\000p\000o\000r\000a\000l\000\040\000U\000n\000c\000e\000r\000t\000a\000i\000n\000t\000y}{}% 33
\BOOKMARK [2][-]{subsection.9.1}{\376\377\000P\000r\000o\000b\000a\000b\000i\000l\000i\000t\000y\000\040\000a\000n\000d\000\040\000u\000n\000c\000e\000r\000t\000a\000i\000n\000t\000y}{section.9}% 34
\BOOKMARK [2][-]{subsection.9.2}{\376\377\000P\000r\000o\000b\000a\000b\000i\000l\000i\000t\000y\000\040\000d\000i\000s\000t\000r\000i\000b\000u\000t\000i\000o\000n\000s}{section.9}% 35
\BOOKMARK [2][-]{subsection.9.3}{\376\377\000N\000o\000t\000a\000t\000i\000o\000n}{section.9}% 36
\BOOKMARK [2][-]{subsection.9.4}{\376\377\000A\000o\000r\000i\000s\000t\000i\000c\000\040\000a\000n\000a\000l\000y\000s\000i\000s}{section.9}% 37
\BOOKMARK [2][-]{subsection.9.5}{\376\377\000P\000r\000o\000b\000a\000b\000i\000l\000i\000t\000y\000\040\000o\000f\000\040\000e\000x\000i\000s\000t\000e\000n\000c\000e\000\040\000t\000i}{section.9}% 38
\BOOKMARK [2][-]{subsection.9.6}{\376\377\000P\000r\000o\000b\000a\000b\000i\000l\000i\000t\000i\000e\000s\000\040\000o\000f\000\040\000e\000x\000i\000s\000t\000e\000n\000c\000e\000\040\000f\000o\000r\000\040\000t\000i\000m\000e\000\040\000b\000l\000o\000c\000k\000s}{section.9}% 39
\BOOKMARK [2][-]{subsection.9.7}{\376\377\000I\000m\000p\000u\000t\000a\000t\000i\000o\000n\000\040\000a\000n\000d\000\040\000M\000i\000s\000s\000i\000n\000g\000\040\000d\000a\000t\000a}{section.9}% 40
\BOOKMARK [2][-]{subsection.9.8}{\376\377\000C\000o\000m\000p\000u\000t\000i\000n\000g\000\040\000t\000h\000e\000\040\000p\000r\000o\000b\000a\000b\000i\000l\000i\000t\000y\000\040\000o\000f\000\040\000e\000x\000i\000s\000t\000e\000n\000c\000e}{section.9}% 41
\BOOKMARK [1][-]{section.10}{\376\377\000M\000a\000r\000k\000o\000v\000\040\000c\000h\000a\000i\000n\000\040\000M\000o\000n\000t\000e\000\040\000C\000a\000r\000l\000o}{}% 42
\BOOKMARK [2][-]{subsection.10.1}{\376\377\000M\000o\000n\000t\000e\000\040\000C\000a\000r\000l\000o}{section.10}% 43
\BOOKMARK [2][-]{subsection.10.2}{\376\377\000M\000a\000r\000k\000o\000v\000\040\000c\000h\000a\000i\000n}{section.10}% 44
\BOOKMARK [2][-]{subsection.10.3}{\376\377\000M\000e\000t\000r\000o\000p\000o\000l\000i\000s\000-\000H\000a\000s\000t\000i\000n\000g\000s}{section.10}% 45
\BOOKMARK [2][-]{subsection.10.4}{\376\377\000D\000i\000a\000g\000n\000o\000s\000t\000i\000c\000s}{section.10}% 46
\BOOKMARK [2][-]{subsection.10.5}{\376\377\000S\000u\000m\000m\000e\000d\000\040\000p\000r\000o\000b\000a\000b\000i\000l\000i\000t\000y\000\040\000d\000i\000s\000t\000r\000i\000b\000u\000t\000i\000o\000n}{section.10}% 47
\BOOKMARK [2][-]{subsection.10.6}{\376\377\000B\000a\000y\000e\000s\000i\000a\000n\000\040\000s\000t\000a\000t\000i\000s\000t\000i\000c\000s}{section.10}% 48
\BOOKMARK [1][-]{section.11}{\376\377\000E\000p\000i\000g\000r\000a\000p\000h\000i\000c\000\040\000N\000e\000t\000w\000o\000r\000k\000s\000\040\000u\000s\000i\000n\000g\000\040\000R}{}% 49
\BOOKMARK [2][-]{subsection.11.1}{\376\377\000M\000e\000a\000s\000u\000r\000i\000n\000g\000\040\000s\000i\000m\000i\000l\000a\000r\000i\000t\000y\000\040\000o\000f\000\040\000a\000r\000t\000e\000f\000a\000c\000t\000\040\000a\000s\000s\000e\000m\000b\000l\000a\000g\000e\000s\000\040\000a\000n\000d\000\040\000g\000e\000o\000g\000r\000a\000p\000h\000i\000c\000\040\000p\000r\000o\000x\000i\000m\000i\000t\000y}{section.11}% 50
\BOOKMARK [2][-]{subsection.11.2}{\376\377\000S\000i\000m\000i\000l\000a\000r\000i\000t\000y\000\040\000m\000e\000a\000s\000u\000r\000e\000s}{section.11}% 51
\BOOKMARK [2][-]{subsection.11.3}{\376\377\000S\000t\000r\000u\000c\000t\000u\000r\000e\000s\000\040\000o\000f\000\040\000s\000i\000m\000i\000l\000a\000r\000i\000t\000y\000\040\000i\000n\000\040\000t\000h\000e\000\040\000E\000D\000H\000\040\000d\000a\000t\000a\000s\000e\000t}{section.11}% 52
\BOOKMARK [2][-]{subsection.11.4}{\376\377\000E\000x\000a\000m\000p\000l\000e\000:\000\040\000S\000i\000m\000i\000l\000a\000r\000i\000t\000y\000\040\000a\000m\000o\000n\000g\000\040\000E\000g\000y\000p\000t\000i\000a\000n\000\040\000e\000p\000i\000g\000r\000a\000p\000h\000s}{section.11}% 53
\BOOKMARK [1][-]{section.12}{\376\377\000M\000u\000l\000t\000i\000p\000l\000e\000\040\000i\000m\000p\000u\000t\000a\000t\000i\000o\000n\000\040\000f\000o\000r\000\040\000m\000i\000s\000s\000i\000n\000g\000\040\000d\000a\000t\000i\000n\000g\000\040\000d\000a\000t\000a}{}% 54
\BOOKMARK [2][-]{subsection.12.1}{\376\377\000N\000e\000t\000w\000o\000r\000k\000\040\000i\000m\000p\000u\000t\000a\000t\000i\000o\000n\000\040\000f\000o\000r\000\040\000m\000i\000s\000s\000i\000n\000g\000\040\000d\000a\000t\000i\000n\000g\000\040\000d\000a\000t\000a\000\040\000i\000n\000\040\000a\000r\000c\000h\000a\000e\000o\000l\000o\000g\000i\000c\000a\000l\000\040\000a\000r\000t\000e\000f\000a\000c\000t\000s}{section.12}% 55
\BOOKMARK [2][-]{subsection.12.2}{\376\377\000I\000n\000t\000r\000o}{section.12}% 56
\BOOKMARK [1][-]{section.13}{\376\377\000M\000o\000d\000u\000l\000e\000s}{}% 57
\BOOKMARK [1][-]{section.14}{\376\377\000I\000n\000d\000i\000c\000e\000s\000\040\000a\000n\000d\000\040\000t\000a\000b\000l\000e\000s}{}% 58
\BOOKMARK [2][-]{subsection.14.1}{\376\377\000P\000r\000i\000n\000t}{section.14}% 59
